1519167593186	geckodriver	INFO	geckodriver 0.19.1
1519167593194	geckodriver	INFO	Listening on 127.0.0.1:52364
1519167594536	mozrunner::runner	INFO	Running command: "/Applications/Firefox.app/Contents/MacOS/firefox-bin" "-marionette" "-profile" "/var/folders/fx/ww6djqjx6gl6x_zb15mcx4n80000gn/T/rust_mozprofile.O9kwZGrqTkVn"
1519167595462	Marionette	INFO	Enabled via --marionette
2018-02-21 00:59:56.633 plugin-container[36934:4153395] *** CFMessagePort: bootstrap_register(): failed 1100 (0x44c) 'Permission denied', port = 0x783f, name = 'com.apple.tsm.portname'
See /usr/include/servers/bootstrap_defs.h for the error codes.
1519167597366	Marionette	INFO	Listening on port 52373
1519167597431	Marionette	WARN	TLS certificate errors will be ignored for this session
1519167597975	Marionette	DEBUG	Register listener.js for window 2147483649
*** UTM:SVC TimerManager:registerTimer called after profile-before-change notification. Ignoring timer registration for id: telemetry_modules_ping
1519167669744	geckodriver	INFO	geckodriver 0.19.1
1519167669750	geckodriver	INFO	Listening on 127.0.0.1:52450
1519167671040	mozrunner::runner	INFO	Running command: "/Applications/Firefox.app/Contents/MacOS/firefox-bin" "-marionette" "-profile" "/var/folders/fx/ww6djqjx6gl6x_zb15mcx4n80000gn/T/rust_mozprofile.ukyCJHkw2Jb2"
1519167671886	Marionette	INFO	Enabled via --marionette
2018-02-21 01:01:12.944 plugin-container[36965:4154492] *** CFMessagePort: bootstrap_register(): failed 1100 (0x44c) 'Permission denied', port = 0x8233, name = 'com.apple.tsm.portname'
See /usr/include/servers/bootstrap_defs.h for the error codes.
1519167673474	Marionette	INFO	Listening on port 52459
1519167673583	Marionette	WARN	TLS certificate errors will be ignored for this session
1519167673648	Marionette	DEBUG	Register listener.js for window 2147483649
1519167839887	geckodriver	INFO	geckodriver 0.19.1
1519167839893	geckodriver	INFO	Listening on 127.0.0.1:52542
1519167841174	mozrunner::runner	INFO	Running command: "/Applications/Firefox.app/Contents/MacOS/firefox-bin" "-marionette" "-profile" "/var/folders/fx/ww6djqjx6gl6x_zb15mcx4n80000gn/T/rust_mozprofile.1uht848y6LCc"
1519167842140	Marionette	INFO	Enabled via --marionette
2018-02-21 01:04:03.343 plugin-container[37017:4156709] *** CFMessagePort: bootstrap_register(): failed 1100 (0x44c) 'Permission denied', port = 0x7e43, name = 'com.apple.tsm.portname'
See /usr/include/servers/bootstrap_defs.h for the error codes.
1519167843904	Marionette	INFO	Listening on port 52553
1519167843959	Marionette	WARN	TLS certificate errors will be ignored for this session
1519167844045	Marionette	DEBUG	Register listener.js for window 2147483649
[GFX1-]: Receive IPC close with reason=AbnormalShutdown
1519168258744	geckodriver	INFO	geckodriver 0.19.1
1519168258750	geckodriver	INFO	Listening on 127.0.0.1:52658
1519168260046	mozrunner::runner	INFO	Running command: "/Applications/Firefox.app/Contents/MacOS/firefox-bin" "-marionette" "-profile" "/var/folders/fx/ww6djqjx6gl6x_zb15mcx4n80000gn/T/rust_mozprofile.74CCj7g4hL05"
1519168260906	Marionette	INFO	Enabled via --marionette
2018-02-21 01:11:02.011 plugin-container[37142:4160985] *** CFMessagePort: bootstrap_register(): failed 1100 (0x44c) 'Permission denied', port = 0x7b43, name = 'com.apple.tsm.portname'
See /usr/include/servers/bootstrap_defs.h for the error codes.
1519168262536	Marionette	INFO	Listening on port 52669
1519168262558	Marionette	WARN	TLS certificate errors will be ignored for this session
1519168262633	Marionette	DEBUG	Register listener.js for window 2147483649
1519168262664	Marionette	DEBUG	Received DOM event "beforeunload" for "about:blank"
1519168263104	Marionette	DEBUG	Received DOM event "pagehide" for "about:blank"
1519168263104	Marionette	DEBUG	Received DOM event "unload" for "about:blank"
1519168263757	Marionette	DEBUG	Received DOM event "DOMContentLoaded" for "https://pypi.python.org/pypi"
1519168263970	Marionette	DEBUG	Received DOM event "pageshow" for "https://pypi.python.org/pypi"
[GFX1-]: Receive IPC close with reason=AbnormalShutdown
1519168543705	geckodriver	INFO	geckodriver 0.19.1
1519168543710	geckodriver	INFO	Listening on 127.0.0.1:52765
1519168544958	mozrunner::runner	INFO	Running command: "/Applications/Firefox.app/Contents/MacOS/firefox-bin" "-marionette" "-profile" "/var/folders/fx/ww6djqjx6gl6x_zb15mcx4n80000gn/T/rust_mozprofile.yq5j7NQ6IvaE"
1519168545818	Marionette	INFO	Enabled via --marionette
2018-02-21 01:15:46.948 plugin-container[37241:4164169] *** CFMessagePort: bootstrap_register(): failed 1100 (0x44c) 'Permission denied', port = 0x723f, name = 'com.apple.tsm.portname'
See /usr/include/servers/bootstrap_defs.h for the error codes.
1519168547478	Marionette	INFO	Listening on port 52774
1519168547511	Marionette	WARN	TLS certificate errors will be ignored for this session
1519168547584	Marionette	DEBUG	Register listener.js for window 2147483649
1519168547628	Marionette	DEBUG	Received DOM event "beforeunload" for "about:blank"
1519168547971	Marionette	DEBUG	Received DOM event "pagehide" for "about:blank"
1519168547971	Marionette	DEBUG	Received DOM event "unload" for "about:blank"
1519168548603	Marionette	DEBUG	Received DOM event "DOMContentLoaded" for "https://pypi.python.org/pypi"
1519168548891	Marionette	DEBUG	Received DOM event "pageshow" for "https://pypi.python.org/pypi"
1519168579424	geckodriver	INFO	geckodriver 0.19.1
1519168579429	geckodriver	INFO	Listening on 127.0.0.1:52859
1519168580708	mozrunner::runner	INFO	Running command: "/Applications/Firefox.app/Contents/MacOS/firefox-bin" "-marionette" "-profile" "/var/folders/fx/ww6djqjx6gl6x_zb15mcx4n80000gn/T/rust_mozprofile.iTQI5Xo5L6L4"
1519168581586	Marionette	INFO	Enabled via --marionette
2018-02-21 01:16:22.735 plugin-container[37262:4165310] *** CFMessagePort: bootstrap_register(): failed 1100 (0x44c) 'Permission denied', port = 0x7c47, name = 'com.apple.tsm.portname'
See /usr/include/servers/bootstrap_defs.h for the error codes.
1519168583309	Marionette	INFO	Listening on port 52868
1519168583365	Marionette	WARN	TLS certificate errors will be ignored for this session
1519168583435	Marionette	DEBUG	Register listener.js for window 2147483649
1519168583477	Marionette	DEBUG	Received DOM event "beforeunload" for "about:blank"
1519168583849	Marionette	DEBUG	Received DOM event "pagehide" for "about:blank"
1519168583850	Marionette	DEBUG	Received DOM event "unload" for "about:blank"
1519168584319	Marionette	DEBUG	Received DOM event "DOMContentLoaded" for "https://www.google.com/"
1519168585458	Marionette	DEBUG	Received DOM event "pageshow" for "https://www.google.com/"
[GFX1-]: Receive IPC close with reason=AbnormalShutdown
[Child 37262, Chrome_ChildThread] WARNING: pipe error: Broken pipe: file /builds/worker/workspace/build/src/ipc/chromium/src/chrome/common/ipc_channel_posix.cc, line 709
1519168619653	geckodriver	INFO	geckodriver 0.19.1
1519168619659	geckodriver	INFO	Listening on 127.0.0.1:52943
1519168620796	mozrunner::runner	INFO	Running command: "/Applications/Firefox.app/Contents/MacOS/firefox-bin" "-marionette" "-profile" "/var/folders/fx/ww6djqjx6gl6x_zb15mcx4n80000gn/T/rust_mozprofile.iUCjSMaz2KEv"
1519168621373	Marionette	INFO	Enabled via --marionette
2018-02-21 01:17:02.317 plugin-container[37288:4166389] *** CFMessagePort: bootstrap_register(): failed 1100 (0x44c) 'Permission denied', port = 0x7a43, name = 'com.apple.tsm.portname'
See /usr/include/servers/bootstrap_defs.h for the error codes.
1519168622740	Marionette	INFO	Listening on port 52952
1519168622793	Marionette	WARN	TLS certificate errors will be ignored for this session
1519168622867	Marionette	DEBUG	Register listener.js for window 2147483649
1519168622902	Marionette	DEBUG	Received DOM event "beforeunload" for "about:blank"
1519168623303	Marionette	DEBUG	Received DOM event "pagehide" for "about:blank"
1519168623303	Marionette	DEBUG	Received DOM event "unload" for "about:blank"
1519168623735	Marionette	DEBUG	Received DOM event "DOMContentLoaded" for "https://www.google.com/"
1519168624713	Marionette	DEBUG	Received DOM event "pageshow" for "https://www.google.com/"
1519168749683	geckodriver	INFO	geckodriver 0.19.1
1519168749688	geckodriver	INFO	Listening on 127.0.0.1:53036
1519168750972	mozrunner::runner	INFO	Running command: "/Applications/Firefox.app/Contents/MacOS/firefox-bin" "-marionette" "-profile" "/var/folders/fx/ww6djqjx6gl6x_zb15mcx4n80000gn/T/rust_mozprofile.UjtCeUBFXsvd"
1519168751791	Marionette	INFO	Enabled via --marionette
2018-02-21 01:19:12.969 plugin-container[37332:4168614] *** CFMessagePort: bootstrap_register(): failed 1100 (0x44c) 'Permission denied', port = 0x7d3f, name = 'com.apple.tsm.portname'
See /usr/include/servers/bootstrap_defs.h for the error codes.
1519168753474	Marionette	INFO	Listening on port 53045
1519168753562	Marionette	WARN	TLS certificate errors will be ignored for this session
1519168753628	Marionette	DEBUG	Register listener.js for window 2147483649
1519168753659	Marionette	DEBUG	Received DOM event "beforeunload" for "about:blank"
1519168754083	Marionette	DEBUG	Received DOM event "pagehide" for "about:blank"
1519168754084	Marionette	DEBUG	Received DOM event "unload" for "about:blank"
1519168754590	Marionette	DEBUG	Received DOM event "DOMContentLoaded" for "https://www.google.com/"
1519168755857	Marionette	DEBUG	Received DOM event "pageshow" for "https://www.google.com/"
1519170953167	geckodriver	INFO	geckodriver 0.19.1
1519170953179	geckodriver	INFO	Listening on 127.0.0.1:53400
1519170954803	mozrunner::runner	INFO	Running command: "/Applications/Firefox.app/Contents/MacOS/firefox-bin" "-marionette" "-profile" "/var/folders/fx/ww6djqjx6gl6x_zb15mcx4n80000gn/T/rust_mozprofile.Zo4KrQhVYbD9"
1519170956329	Marionette	INFO	Enabled via --marionette
2018-02-21 01:55:58.749 plugin-container[37949:4190118] *** CFMessagePort: bootstrap_register(): failed 1100 (0x44c) 'Permission denied', port = 0x7e43, name = 'com.apple.tsm.portname'
See /usr/include/servers/bootstrap_defs.h for the error codes.
1519170959732	Marionette	INFO	Listening on port 53409
1519170959807	Marionette	WARN	TLS certificate errors will be ignored for this session
1519170959959	Marionette	DEBUG	Register listener.js for window 2147483649
1519170961046	Marionette	DEBUG	Received DOM event "beforeunload" for "about:blank"
1519170961673	Marionette	DEBUG	Received DOM event "pagehide" for "about:blank"
1519170961674	Marionette	DEBUG	Received DOM event "unload" for "about:blank"
1519170962666	Marionette	DEBUG	Received DOM event "DOMContentLoaded" for "https://www.google.com/"
1519170964163	Marionette	DEBUG	Received DOM event "pageshow" for "https://www.google.com/"
[GFX1-]: Receive IPC close with reason=AbnormalShutdown
1519171029371	geckodriver	INFO	geckodriver 0.19.1
1519171029384	geckodriver	INFO	Listening on 127.0.0.1:53537
1519171030879	mozrunner::runner	INFO	Running command: "/Applications/Firefox.app/Contents/MacOS/firefox-bin" "-marionette" "-profile" "/var/folders/fx/ww6djqjx6gl6x_zb15mcx4n80000gn/T/rust_mozprofile.7iTgyw3528rX"
1519171032247	Marionette	INFO	Enabled via --marionette
2018-02-21 01:57:14.263 plugin-container[37975:4191559] *** CFMessagePort: bootstrap_register(): failed 1100 (0x44c) 'Permission denied', port = 0x7e3f, name = 'com.apple.tsm.portname'
See /usr/include/servers/bootstrap_defs.h for the error codes.
1519171035045	Marionette	INFO	Listening on port 53546
1519171035111	Marionette	WARN	TLS certificate errors will be ignored for this session
1519171035267	Marionette	DEBUG	Register listener.js for window 2147483649
1519171036147	Marionette	DEBUG	Received DOM event "beforeunload" for "about:blank"
1519171036709	Marionette	DEBUG	Received DOM event "pagehide" for "about:blank"
1519171036710	Marionette	DEBUG	Received DOM event "unload" for "about:blank"
1519171037500	Marionette	DEBUG	Received DOM event "DOMContentLoaded" for "https://www.google.com/"
1519171038947	Marionette	DEBUG	Received DOM event "pageshow" for "https://www.google.com/"
1519199470714	geckodriver	INFO	geckodriver 0.19.1
1519199470721	geckodriver	INFO	Listening on 127.0.0.1:50970
1519199472027	mozrunner::runner	INFO	Running command: "/Applications/Firefox.app/Contents/MacOS/firefox-bin" "-marionette" "-profile" "/var/folders/fx/ww6djqjx6gl6x_zb15mcx4n80000gn/T/rust_mozprofile.b5CDDSec5egq"
1519199472902	Marionette	INFO	Enabled via --marionette
2018-02-21 09:51:14.029 plugin-container[6566:185098] *** CFMessagePort: bootstrap_register(): failed 1100 (0x44c) 'Permission denied', port = 0x7b3f, name = 'com.apple.tsm.portname'
See /usr/include/servers/bootstrap_defs.h for the error codes.
1519199474576	Marionette	INFO	Listening on port 50979
1519199474670	Marionette	WARN	TLS certificate errors will be ignored for this session
1519199474737	Marionette	DEBUG	Register listener.js for window 2147483649
1519199475375	Marionette	DEBUG	Received DOM event "beforeunload" for "about:blank"
1519199475689	Marionette	DEBUG	Received DOM event "pagehide" for "about:blank"
1519199475691	Marionette	DEBUG	Received DOM event "unload" for "about:blank"
1519199476204	Marionette	DEBUG	Received DOM event "DOMContentLoaded" for "https://www.google.com/"
1519199477136	Marionette	DEBUG	Received DOM event "pageshow" for "https://www.google.com/"
1519199672535	geckodriver	INFO	geckodriver 0.19.1
1519199672543	geckodriver	INFO	Listening on 127.0.0.1:51079
1519199673753	mozrunner::runner	INFO	Running command: "/Applications/Firefox.app/Contents/MacOS/firefox-bin" "-marionette" "-profile" "/var/folders/fx/ww6djqjx6gl6x_zb15mcx4n80000gn/T/rust_mozprofile.CeDIWY8dVSUH"
1519199674520	Marionette	INFO	Enabled via --marionette
2018-02-21 09:54:35.650 plugin-container[6639:187629] *** CFMessagePort: bootstrap_register(): failed 1100 (0x44c) 'Permission denied', port = 0x7d3f, name = 'com.apple.tsm.portname'
See /usr/include/servers/bootstrap_defs.h for the error codes.
1519199676100	Marionette	INFO	Listening on port 51088
1519199676179	Marionette	WARN	TLS certificate errors will be ignored for this session
1519199676256	Marionette	DEBUG	Register listener.js for window 2147483649
1519199676917	Marionette	DEBUG	Received DOM event "beforeunload" for "about:blank"
1519199677290	Marionette	DEBUG	Received DOM event "pagehide" for "about:blank"
1519199677291	Marionette	DEBUG	Received DOM event "unload" for "about:blank"
1519199677813	Marionette	DEBUG	Received DOM event "DOMContentLoaded" for "https://www.google.com/"
1519199679184	Marionette	DEBUG	Received DOM event "pageshow" for "https://www.google.com/"
[GFX1-]: Receive IPC close with reason=AbnormalShutdown
1519199704781	geckodriver	INFO	geckodriver 0.19.1
1519199704786	geckodriver	INFO	Listening on 127.0.0.1:51169
1519199706010	mozrunner::runner	INFO	Running command: "/Applications/Firefox.app/Contents/MacOS/firefox-bin" "-marionette" "-profile" "/var/folders/fx/ww6djqjx6gl6x_zb15mcx4n80000gn/T/rust_mozprofile.t2bUVCuyODYX"
1519199706581	Marionette	INFO	Enabled via --marionette
2018-02-21 09:55:07.485 plugin-container[6653:188578] *** CFMessagePort: bootstrap_register(): failed 1100 (0x44c) 'Permission denied', port = 0x843f, name = 'com.apple.tsm.portname'
See /usr/include/servers/bootstrap_defs.h for the error codes.
1519199707869	Marionette	INFO	Listening on port 51178
1519199707893	Marionette	WARN	TLS certificate errors will be ignored for this session
1519199707977	Marionette	DEBUG	Register listener.js for window 2147483649
1519199708687	Marionette	DEBUG	Received DOM event "beforeunload" for "about:blank"
1519199709071	Marionette	DEBUG	Received DOM event "pagehide" for "about:blank"
1519199709072	Marionette	DEBUG	Received DOM event "unload" for "about:blank"
1519199709580	Marionette	DEBUG	Received DOM event "DOMContentLoaded" for "https://www.google.com/"
1519199710829	Marionette	DEBUG	Received DOM event "pageshow" for "https://www.google.com/"
[GFX1]: [Tiling:Client] Failed to allocate a TextureClient
[GFX1]: ValidateTile failed
[GFX1]: [Tiling:Client] Failed to allocate a TextureClient
[GFX1]: ValidateTile failed
[GFX1]: [Tiling:Client] Failed to allocate a TextureClient
[GFX1]: ValidateTile failed
1519199717830	geckodriver	INFO	geckodriver 0.19.1
1519199717835	geckodriver	INFO	Listening on 127.0.0.1:51249
1519199718961	mozrunner::runner	INFO	Running command: "/Applications/Firefox.app/Contents/MacOS/firefox-bin" "-marionette" "-profile" "/var/folders/fx/ww6djqjx6gl6x_zb15mcx4n80000gn/T/rust_mozprofile.ri6t8mKoxYoT"
1519199719529	Marionette	INFO	Enabled via --marionette
2018-02-21 09:55:20.408 plugin-container[6663:189302] *** CFMessagePort: bootstrap_register(): failed 1100 (0x44c) 'Permission denied', port = 0x813f, name = 'com.apple.tsm.portname'
See /usr/include/servers/bootstrap_defs.h for the error codes.
1519199720772	Marionette	INFO	Listening on port 51258
1519199720863	Marionette	WARN	TLS certificate errors will be ignored for this session
1519199720924	Marionette	DEBUG	Register listener.js for window 2147483649
1519199721514	Marionette	DEBUG	Received DOM event "beforeunload" for "about:blank"
1519199721857	Marionette	DEBUG	Received DOM event "pagehide" for "about:blank"
1519199721857	Marionette	DEBUG	Received DOM event "unload" for "about:blank"
1519199722275	Marionette	DEBUG	Received DOM event "DOMContentLoaded" for "https://www.google.com/"
1519199724046	Marionette	DEBUG	Received DOM event "pageshow" for "https://www.google.com/"
[GFX1]: [Tiling:Client] Failed to allocate a TextureClient
[GFX1]: ValidateTile failed
[GFX1]: [Tiling:Client] Failed to allocate a TextureClient
[GFX1]: ValidateTile failed
[GFX1]: [Tiling:Client] Failed to allocate a TextureClient
[GFX1]: ValidateTile failed
1519199784064	geckodriver	INFO	geckodriver 0.19.1
1519199784072	geckodriver	INFO	Listening on 127.0.0.1:51335
1519199785295	mozrunner::runner	INFO	Running command: "/Applications/Firefox.app/Contents/MacOS/firefox-bin" "-marionette" "-profile" "/var/folders/fx/ww6djqjx6gl6x_zb15mcx4n80000gn/T/rust_mozprofile.MSLt3MtZEwvT"
1519199786216	Marionette	INFO	Enabled via --marionette
2018-02-21 09:56:27.281 plugin-container[6698:191125] *** CFMessagePort: bootstrap_register(): failed 1100 (0x44c) 'Permission denied', port = 0x8303, name = 'com.apple.tsm.portname'
See /usr/include/servers/bootstrap_defs.h for the error codes.
1519199787870	Marionette	INFO	Listening on port 51348
1519199787911	Marionette	WARN	TLS certificate errors will be ignored for this session
1519199787985	Marionette	DEBUG	Register listener.js for window 2147483649
1519199788578	Marionette	DEBUG	Received DOM event "beforeunload" for "about:blank"
1519199788886	Marionette	DEBUG	Received DOM event "pagehide" for "about:blank"
1519199788888	Marionette	DEBUG	Received DOM event "unload" for "about:blank"
1519199789384	Marionette	DEBUG	Received DOM event "DOMContentLoaded" for "https://www.google.com/"
1519199790220	Marionette	DEBUG	Received DOM event "pageshow" for "https://www.google.com/"
[GFX1]: [Tiling:Client] Failed to allocate a TextureClient
[GFX1]: [Tiling:Client] Failed to allocate a TextureClient
1519204431253	geckodriver	INFO	geckodriver 0.19.1
1519204431262	geckodriver	INFO	Listening on 127.0.0.1:51844
1519204432526	mozrunner::runner	INFO	Running command: "/Applications/Firefox.app/Contents/MacOS/firefox-bin" "-marionette" "-profile" "/var/folders/fx/ww6djqjx6gl6x_zb15mcx4n80000gn/T/rust_mozprofile.U6YnQ5oTAVoR"
1519204433332	Marionette	INFO	Enabled via --marionette
2018-02-21 11:13:54.379 plugin-container[7910:240308] *** CFMessagePort: bootstrap_register(): failed 1100 (0x44c) 'Permission denied', port = 0x753b, name = 'com.apple.tsm.portname'
See /usr/include/servers/bootstrap_defs.h for the error codes.
1519204434926	Marionette	INFO	Listening on port 51853
1519204435007	Marionette	WARN	TLS certificate errors will be ignored for this session
1519204435071	Marionette	DEBUG	Register listener.js for window 2147483649
1519204435667	Marionette	DEBUG	Received DOM event "beforeunload" for "about:blank"
1519204435969	Marionette	DEBUG	Received DOM event "pagehide" for "about:blank"
1519204435970	Marionette	DEBUG	Received DOM event "unload" for "about:blank"
1519204436562	Marionette	DEBUG	Received DOM event "DOMContentLoaded" for "https://www.google.com/"
1519204437951	Marionette	DEBUG	Received DOM event "pageshow" for "https://www.google.com/"
